<?xml version="1.0" encoding="UTF-8"?>
<testsuite xmlns:xsi="http://www.w3.org/2001/XMLSchema-instance" xsi:schemaLocation="https://maven.apache.org/surefire/maven-surefire-plugin/xsd/surefire-test-report.xsd" name="step_Definitions.RunnerTest" time="0.281" tests="93" errors="0" skipped="84" failures="0">
  <properties>
    <property name="java.runtime.name" value="Java(TM) SE Runtime Environment"/>
    <property name="sun.boot.library.path" value="C:\Program Files\Java\jdk1.8.0_101\jre\bin"/>
    <property name="java.vm.version" value="25.112-b15"/>
    <property name="java.vm.vendor" value="Oracle Corporation"/>
    <property name="maven.multiModuleProjectDirectory" value="C:\Selenium\workspace\Maven\RSComponProj"/>
    <property name="java.vendor.url" value="http://java.oracle.com/"/>
    <property name="path.separator" value=";"/>
    <property name="guice.disable.misplaced.annotation.check" value="true"/>
    <property name="java.vm.name" value="Java HotSpot(TM) Client VM"/>
    <property name="file.encoding.pkg" value="sun.io"/>
    <property name="user.script" value=""/>
    <property name="user.country" value="GB"/>
    <property name="sun.java.launcher" value="SUN_STANDARD"/>
    <property name="sun.os.patch.level" value=""/>
    <property name="java.vm.specification.name" value="Java Virtual Machine Specification"/>
    <property name="user.dir" value="C:\Selenium\workspace\Maven\RSComponProj"/>
    <property name="java.runtime.version" value="1.8.0_112-b15"/>
    <property name="java.awt.graphicsenv" value="sun.awt.Win32GraphicsEnvironment"/>
    <property name="java.endorsed.dirs" value="C:\Program Files\Java\jdk1.8.0_101\jre\lib\endorsed"/>
    <property name="os.arch" value="x86"/>
    <property name="java.io.tmpdir" value="C:\Users\Ayodeji\AppData\Local\Temp\"/>
    <property name="line.separator" value="&#10;"/>
    <property name="java.vm.specification.vendor" value="Oracle Corporation"/>
    <property name="user.variant" value=""/>
    <property name="os.name" value="Windows 10"/>
    <property name="classworlds.conf" value="C:\Selenium\workspace\Maven\.metadata\.plugins\org.eclipse.m2e.launching\launches\m2conf1086509387662005435.tmp"/>
    <property name="sun.jnu.encoding" value="Cp1252"/>
    <property name="java.library.path" value="C:\Program Files\Java\jdk1.8.0_101\bin;C:\WINDOWS\Sun\Java\bin;C:\WINDOWS\system32;C:\WINDOWS;C:/Program Files/Java/jre1.8.0_101/bin/client;C:/Program Files/Java/jre1.8.0_101/bin;C:/Program Files/Java/jre1.8.0_101/lib/i386;C:\ProgramData\Oracle\Java\javapath\;C:\WINDOWS\system32;C:\WINDOWS;C:\WINDOWS\System32\Wbem;C:\WINDOWS\System32\WindowsPowerShell\v1.0\;C:\Program Files\Git\cmd;C:\Program Files\Skype\Phone\;C:\Program Files\nodejs\;C:\Users\Ayodeji\AppData\Local\Android\Sdk\tools;C:\Users\Ayodeji\AppData\Local\Android\Sdk\platform-tools;C:\Users\Ayodeji\AppData\Local\Android\Sdk\tools\bin;C:\Users\Ayodeji\AppData\Roaming\npm;C:\Program Files\nodejs\node_modules\npm\bin;C:\Users\Ayodeji\scoop\shims;C:\Program Files\Apache Software Foundation\apache-maven-3.3.9\bin;C:\Users\Ayodeji\AppData\Local\Microsoft\WindowsApps;C:\Users\Ayodeji\AppData\Roaming\npm;;C:\Selenium\Eclipse\eclipse;;."/>
    <property name="java.specification.name" value="Java Platform API Specification"/>
    <property name="java.class.version" value="52.0"/>
    <property name="sun.management.compiler" value="HotSpot Client Compiler"/>
    <property name="os.version" value="10.0"/>
    <property name="user.home" value="C:\Users\Ayodeji"/>
    <property name="user.timezone" value="Europe/London"/>
    <property name="java.awt.printerjob" value="sun.awt.windows.WPrinterJob"/>
    <property name="java.specification.version" value="1.8"/>
    <property name="file.encoding" value="Cp1252"/>
    <property name="user.name" value="Ayodeji"/>
    <property name="java.class.path" value="/C:/Selenium/Eclipse/eclipse/plugins/org.eclipse.m2e.maven.runtime_1.7.0.20160603-1931/jars/plexus-classworlds-2.5.2.jar"/>
    <property name="java.vm.specification.version" value="1.8"/>
    <property name="sun.arch.data.model" value="32"/>
    <property name="java.home" value="C:\Program Files\Java\jdk1.8.0_101\jre"/>
    <property name="sun.java.command" value="org.codehaus.plexus.classworlds.launcher.Launcher -B clean verify"/>
    <property name="java.specification.vendor" value="Oracle Corporation"/>
    <property name="user.language" value="en"/>
    <property name="awt.toolkit" value="sun.awt.windows.WToolkit"/>
    <property name="java.vm.info" value="mixed mode"/>
    <property name="java.version" value="1.8.0_112"/>
    <property name="java.ext.dirs" value="C:\Program Files\Java\jdk1.8.0_101\jre\lib\ext;C:\WINDOWS\Sun\Java\lib\ext"/>
    <property name="sun.boot.class.path" value="C:\Program Files\Java\jdk1.8.0_101\jre\lib\resources.jar;C:\Program Files\Java\jdk1.8.0_101\jre\lib\rt.jar;C:\Program Files\Java\jdk1.8.0_101\jre\lib\sunrsasign.jar;C:\Program Files\Java\jdk1.8.0_101\jre\lib\jsse.jar;C:\Program Files\Java\jdk1.8.0_101\jre\lib\jce.jar;C:\Program Files\Java\jdk1.8.0_101\jre\lib\charsets.jar;C:\Program Files\Java\jdk1.8.0_101\jre\lib\jfr.jar;C:\Program Files\Java\jdk1.8.0_101\jre\classes"/>
    <property name="java.vendor" value="Oracle Corporation"/>
    <property name="maven.home" value="C:\Selenium\workspace\Maven\RSComponProj\EMBEDDED"/>
    <property name="file.separator" value="\"/>
    <property name="java.vendor.url.bug" value="http://bugreport.sun.com/bugreport/"/>
    <property name="sun.cpu.endian" value="little"/>
    <property name="sun.io.unicode.encoding" value="UnicodeLittle"/>
    <property name="sun.desktop" value="windows"/>
    <property name="sun.cpu.isalist" value="pentium_pro+mmx pentium_pro pentium+mmx pentium i486 i386 i86"/>
  </properties>
  <testcase name="Given Am on the home page" classname="Scenario: " time="0">
    <skipped/>
    <system-out><![CDATA[Feature: Login test
]]></system-out>
  </testcase>
  <testcase name="Given Am on the home page" classname="Scenario: " time="0">
    <skipped/>
    <system-out><![CDATA[
  Scenario Outline: As a user I want to login with invalid credentials I should not be allowed to login. &amp#27;[90m# Login.feature:34&amp#27;[0m
    &amp#27;[36mWhen &amp#27;[0m&amp#27;[36mI entered wrong "&amp#27;[0m&amp#27;[36m&amp#27;[1mtestof173@yahoo.com&amp#27;[0m&amp#27;[36m" address in the email text field&amp#27;[0m                           &amp#27;[90m# Login.i_entered_wrong_address_in_the_email_text_field(String)&amp#27;[0m
    &amp#27;[36mAnd &amp#27;[0m&amp#27;[36mI input invalid "&amp#27;[0m&amp#27;[36m&amp#27;[1m&amp#27;[0m&amp#27;[36m" password or blank password&amp#27;[0m                                                    &amp#27;[90m# Login.i_input_invalid_password_or_blank_password(String)&amp#27;[0m
    &amp#27;[36mAnd &amp#27;[0m&amp#27;[36mI click the signIn button&amp#27;[0m                                                                        &amp#27;[90m# Login.i_click_the_signIn_button()&amp#27;[0m
    &amp#27;[36mThen &amp#27;[0m&amp#27;[36mI should see error message displayed&amp#27;[0m                                                            &amp#27;[90m# Login.i_should_see_error_message_displayed()&amp#27;[0m
    &amp#27;[33mAnd &amp#27;[0m&amp#27;[33mI log out&amp#27;[0m
Feature: Register Test
]]></system-out>
  </testcase>
  <testcase name="And I click on my account link" classname="Scenario: " time="0">
    <skipped/>
  </testcase>
  <testcase name="And I click on my account link" classname="Scenario: " time="0">
    <skipped/>
  </testcase>
  <testcase name="And I see a welcome message displayed" classname="Scenario: " time="0">
    <skipped/>
  </testcase>
  <testcase name="And I see a welcome message displayed" classname="Scenario: " time="0">
    <skipped/>
  </testcase>
  <testcase name="When I entered valid email and password in the text field" classname="Scenario: " time="0">
    <skipped/>
    <system-out><![CDATA[
  Background:                             &amp#27;[90m# Checkout.feature:3&amp#27;[0m
    &amp#27;[33mGiven &amp#27;[0m&amp#27;[33mAm on the home page&amp#27;[0m
    &amp#27;[33mAnd &amp#27;[0m&amp#27;[33mI click on my account link&amp#27;[0m
    &amp#27;[33mAnd &amp#27;[0m&amp#27;[33mI see a welcome message displayed&amp#27;[0m
]]></system-out>
  </testcase>
  <testcase name="And I select a product to add to cart" classname="Scenario: " time="0">
    <skipped/>
  </testcase>
  <testcase name="And I proceed to checkout for cash on delivery" classname="Scenario: " time="0">
    <skipped/>
  </testcase>
  <testcase name="Then I should see confirm order" classname="Scenario: " time="0">
    <skipped/>
  </testcase>
  <testcase name="And I logoff my account" classname="Scenario: " time="0">
    <skipped/>
  </testcase>
  <testcase name="Scenario: " classname="Scenario: " time="0">
    <skipped/>
  </testcase>
  <testcase name="Scenario: " classname="Scenario: " time="0.097"/>
  <testcase name="Scenario: " classname="Scenario: " time="0">
    <skipped/>
  </testcase>
  <testcase name="Scenario: " classname="Scenario: " time="0.006"/>
  <testcase name="Given Am on the home page" classname="| testof682@yahoo.com | Password27 |" time="0">
    <skipped/>
    <system-out><![CDATA[
  Scenario:                                                   &amp#27;[90m# Checkout.feature:8&amp#27;[0m
    &amp#27;[36mWhen &amp#27;[0m&amp#27;[36mI entered valid email and password in the text field&amp#27;[0m &amp#27;[90m# Checkout.i_entered_valid_email_and_password_in_the_text_field()&amp#27;[0m
    &amp#27;[36mAnd &amp#27;[0m&amp#27;[36mI select a product to add to cart&amp#27;[0m                     &amp#27;[90m# Checkout.i_select_a_product_to_add_to_cart()&amp#27;[0m
    &amp#27;[36mAnd &amp#27;[0m&amp#27;[36mI proceed to checkout for cash on delivery&amp#27;[0m            &amp#27;[90m# Checkout.i_proceed_to_checkout_for_cash_on_delivery()&amp#27;[0m
    &amp#27;[36mThen &amp#27;[0m&amp#27;[36mI should see confirm order&amp#27;[0m                           &amp#27;[90m# Checkout.i_should_see_confirm_order()&amp#27;[0m
    &amp#27;[33mAnd &amp#27;[0m&amp#27;[33mI logoff my account&amp#27;[0m
Feature: Login test

  Scenario Outline: As a user I want to be able to login using diferent username and password &amp#27;[90m# Login.feature:8&amp#27;[0m
    &amp#27;[36mAnd &amp#27;[0m&amp#27;[36mI entered valid "<email>" email in the text field&amp#27;[0m
    &amp#27;[36mAnd &amp#27;[0m&amp#27;[36mI entered correct "<passwd>" password field&amp#27;[0m
    &amp#27;[36mAnd &amp#27;[0m&amp#27;[36mI click on the signin button&amp#27;[0m
    &amp#27;[36mThen &amp#27;[0m&amp#27;[36mI verify that I am logged in&amp#27;[0m
    &amp#27;[36mAnd &amp#27;[0m&amp#27;[36mI log out&amp#27;[0m
    &amp#27;[36mAnd &amp#27;[0m&amp#27;[36mI close the browser&amp#27;[0m

    Examples: 
]]></system-out>
  </testcase>
  <testcase name="And I click on my account link" classname="| testof682@yahoo.com | Password27 |" time="0">
    <skipped/>
  </testcase>
  <testcase name="And I see a welcome message displayed" classname="| testof682@yahoo.com | Password27 |" time="0">
    <skipped/>
  </testcase>
  <testcase name="And I entered valid &quot;testof682@yahoo.com&quot; email in the text field" classname="| testof682@yahoo.com | Password27 |" time="0">
    <skipped/>
    <system-out><![CDATA[
  Background:                             &amp#27;[90m# Login.feature:3&amp#27;[0m
    &amp#27;[33mGiven &amp#27;[0m&amp#27;[33mAm on the home page&amp#27;[0m
    &amp#27;[33mAnd &amp#27;[0m&amp#27;[33mI click on my account link&amp#27;[0m
    &amp#27;[33mAnd &amp#27;[0m&amp#27;[33mI see a welcome message displayed&amp#27;[0m
]]></system-out>
  </testcase>
  <testcase name="And I entered correct &quot;Password27&quot; password field" classname="| testof682@yahoo.com | Password27 |" time="0">
    <skipped/>
  </testcase>
  <testcase name="And I click on the signin button" classname="| testof682@yahoo.com | Password27 |" time="0">
    <skipped/>
  </testcase>
  <testcase name="Then I verify that I am logged in" classname="| testof682@yahoo.com | Password27 |" time="0">
    <skipped/>
  </testcase>
  <testcase name="And I log out" classname="| testof682@yahoo.com | Password27 |" time="0">
    <skipped/>
  </testcase>
  <testcase name="And I close the browser" classname="| testof682@yahoo.com | Password27 |" time="0">
    <skipped/>
  </testcase>
  <testcase name="| testof682@yahoo.com | Password27 |" classname="| testof682@yahoo.com | Password27 |" time="0">
    <skipped/>
  </testcase>
  <testcase name="| testof682@yahoo.com | Password27 |" classname="| testof682@yahoo.com | Password27 |" time="0.011"/>
  <testcase name="Given Am on the home page" classname="| testof742@yahoo.com | Password325 |" time="0">
    <skipped/>
    <system-out><![CDATA[
  Scenario Outline: As a user I want to be able to login using diferent username and password &amp#27;[90m# Login.feature:18&amp#27;[0m
    &amp#27;[36mAnd &amp#27;[0m&amp#27;[36mI entered valid "&amp#27;[0m&amp#27;[36m&amp#27;[1mtestof682@yahoo.com&amp#27;[0m&amp#27;[36m" email in the text field&amp#27;[0m                         &amp#27;[90m# Login.i_entered_valid_email_in_the_text_field(String)&amp#27;[0m
    &amp#27;[36mAnd &amp#27;[0m&amp#27;[36mI entered correct "&amp#27;[0m&amp#27;[36m&amp#27;[1mPassword27&amp#27;[0m&amp#27;[36m" password field&amp#27;[0m                                         &amp#27;[90m# Login.i_entered_correct_password_field(String)&amp#27;[0m
    &amp#27;[36mAnd &amp#27;[0m&amp#27;[36mI click on the signin button&amp#27;[0m                                                          &amp#27;[90m# Login.i_click_on_the_signin_button()&amp#27;[0m
    &amp#27;[33mThen &amp#27;[0m&amp#27;[33mI verify that I am logged in&amp#27;[0m
    &amp#27;[33mAnd &amp#27;[0m&amp#27;[33mI log out&amp#27;[0m
    &amp#27;[36mAnd &amp#27;[0m&amp#27;[36mI close the browser&amp#27;[0m                                                                   &amp#27;[90m# Login.i_close_the_browser()&amp#27;[0m
]]></system-out>
  </testcase>
  <testcase name="And I click on my account link" classname="| testof742@yahoo.com | Password325 |" time="0">
    <skipped/>
  </testcase>
  <testcase name="And I see a welcome message displayed" classname="| testof742@yahoo.com | Password325 |" time="0">
    <skipped/>
  </testcase>
  <testcase name="And I entered valid &quot;testof742@yahoo.com&quot; email in the text field" classname="| testof742@yahoo.com | Password325 |" time="0">
    <skipped/>
    <system-out><![CDATA[
  Background:                             &amp#27;[90m# Login.feature:3&amp#27;[0m
    &amp#27;[33mGiven &amp#27;[0m&amp#27;[33mAm on the home page&amp#27;[0m
    &amp#27;[33mAnd &amp#27;[0m&amp#27;[33mI click on my account link&amp#27;[0m
    &amp#27;[33mAnd &amp#27;[0m&amp#27;[33mI see a welcome message displayed&amp#27;[0m
]]></system-out>
  </testcase>
  <testcase name="And I entered correct &quot;Password325&quot; password field" classname="| testof742@yahoo.com | Password325 |" time="0">
    <skipped/>
  </testcase>
  <testcase name="And I click on the signin button" classname="| testof742@yahoo.com | Password325 |" time="0">
    <skipped/>
  </testcase>
  <testcase name="Then I verify that I am logged in" classname="| testof742@yahoo.com | Password325 |" time="0">
    <skipped/>
  </testcase>
  <testcase name="And I log out" classname="| testof742@yahoo.com | Password325 |" time="0">
    <skipped/>
  </testcase>
  <testcase name="And I close the browser" classname="| testof742@yahoo.com | Password325 |" time="0">
    <skipped/>
  </testcase>
  <testcase name="| testof742@yahoo.com | Password325 |" classname="| testof742@yahoo.com | Password325 |" time="0">
    <skipped/>
  </testcase>
  <testcase name="| testof742@yahoo.com | Password325 |" classname="| testof742@yahoo.com | Password325 |" time="0.011"/>
  <testcase name="Given Am on the home page" classname="| testof173@yahoo.com | Password325 |" time="0">
    <skipped/>
    <system-out><![CDATA[
  Scenario Outline: As a user I want to be able to login using diferent username and password &amp#27;[90m# Login.feature:19&amp#27;[0m
    &amp#27;[36mAnd &amp#27;[0m&amp#27;[36mI entered valid "&amp#27;[0m&amp#27;[36m&amp#27;[1mtestof742@yahoo.com&amp#27;[0m&amp#27;[36m" email in the text field&amp#27;[0m                         &amp#27;[90m# Login.i_entered_valid_email_in_the_text_field(String)&amp#27;[0m
    &amp#27;[36mAnd &amp#27;[0m&amp#27;[36mI entered correct "&amp#27;[0m&amp#27;[36m&amp#27;[1mPassword325&amp#27;[0m&amp#27;[36m" password field&amp#27;[0m                                        &amp#27;[90m# Login.i_entered_correct_password_field(String)&amp#27;[0m
    &amp#27;[36mAnd &amp#27;[0m&amp#27;[36mI click on the signin button&amp#27;[0m                                                          &amp#27;[90m# Login.i_click_on_the_signin_button()&amp#27;[0m
    &amp#27;[33mThen &amp#27;[0m&amp#27;[33mI verify that I am logged in&amp#27;[0m
    &amp#27;[33mAnd &amp#27;[0m&amp#27;[33mI log out&amp#27;[0m
    &amp#27;[36mAnd &amp#27;[0m&amp#27;[36mI close the browser&amp#27;[0m                                                                   &amp#27;[90m# Login.i_close_the_browser()&amp#27;[0m
]]></system-out>
  </testcase>
  <testcase name="And I click on my account link" classname="| testof173@yahoo.com | Password325 |" time="0">
    <skipped/>
  </testcase>
  <testcase name="And I see a welcome message displayed" classname="| testof173@yahoo.com | Password325 |" time="0">
    <skipped/>
  </testcase>
  <testcase name="And I entered valid &quot;testof173@yahoo.com&quot; email in the text field" classname="| testof173@yahoo.com | Password325 |" time="0">
    <skipped/>
    <system-out><![CDATA[
  Background:                             &amp#27;[90m# Login.feature:3&amp#27;[0m
    &amp#27;[33mGiven &amp#27;[0m&amp#27;[33mAm on the home page&amp#27;[0m
    &amp#27;[33mAnd &amp#27;[0m&amp#27;[33mI click on my account link&amp#27;[0m
    &amp#27;[33mAnd &amp#27;[0m&amp#27;[33mI see a welcome message displayed&amp#27;[0m
]]></system-out>
  </testcase>
  <testcase name="And I entered correct &quot;Password325&quot; password field" classname="| testof173@yahoo.com | Password325 |" time="0">
    <skipped/>
  </testcase>
  <testcase name="And I click on the signin button" classname="| testof173@yahoo.com | Password325 |" time="0">
    <skipped/>
  </testcase>
  <testcase name="Then I verify that I am logged in" classname="| testof173@yahoo.com | Password325 |" time="0">
    <skipped/>
  </testcase>
  <testcase name="And I log out" classname="| testof173@yahoo.com | Password325 |" time="0">
    <skipped/>
  </testcase>
  <testcase name="And I close the browser" classname="| testof173@yahoo.com | Password325 |" time="0">
    <skipped/>
  </testcase>
  <testcase name="| testof173@yahoo.com | Password325 |" classname="| testof173@yahoo.com | Password325 |" time="0">
    <skipped/>
  </testcase>
  <testcase name="| testof173@yahoo.com | Password325 |" classname="| testof173@yahoo.com | Password325 |" time="0.006"/>
  <testcase name="Given Am on the home page" classname="| tesf778@hotmail.com | Password27 |" time="0">
    <skipped/>
    <system-out><![CDATA[
  Scenario Outline: As a user I want to be able to login using diferent username and password &amp#27;[90m# Login.feature:20&amp#27;[0m
    &amp#27;[36mAnd &amp#27;[0m&amp#27;[36mI entered valid "&amp#27;[0m&amp#27;[36m&amp#27;[1mtestof173@yahoo.com&amp#27;[0m&amp#27;[36m" email in the text field&amp#27;[0m                         &amp#27;[90m# Login.i_entered_valid_email_in_the_text_field(String)&amp#27;[0m
    &amp#27;[36mAnd &amp#27;[0m&amp#27;[36mI entered correct "&amp#27;[0m&amp#27;[36m&amp#27;[1mPassword325&amp#27;[0m&amp#27;[36m" password field&amp#27;[0m                                        &amp#27;[90m# Login.i_entered_correct_password_field(String)&amp#27;[0m
    &amp#27;[36mAnd &amp#27;[0m&amp#27;[36mI click on the signin button&amp#27;[0m                                                          &amp#27;[90m# Login.i_click_on_the_signin_button()&amp#27;[0m
    &amp#27;[33mThen &amp#27;[0m&amp#27;[33mI verify that I am logged in&amp#27;[0m
    &amp#27;[33mAnd &amp#27;[0m&amp#27;[33mI log out&amp#27;[0m
    &amp#27;[36mAnd &amp#27;[0m&amp#27;[36mI close the browser&amp#27;[0m                                                                   &amp#27;[90m# Login.i_close_the_browser()&amp#27;[0m

  Scenario Outline: As a user I want to login with invalid credentials I should not be allowed to login. &amp#27;[90m# Login.feature:22&amp#27;[0m
    &amp#27;[36mWhen &amp#27;[0m&amp#27;[36mI entered wrong "<email>" address in the email text field&amp#27;[0m
    &amp#27;[36mAnd &amp#27;[0m&amp#27;[36mI input invalid "<passwd>" password or blank password&amp#27;[0m
    &amp#27;[36mAnd &amp#27;[0m&amp#27;[36mI click the signIn button&amp#27;[0m
    &amp#27;[36mThen &amp#27;[0m&amp#27;[36mI should see error message displayed&amp#27;[0m
    &amp#27;[36mAnd &amp#27;[0m&amp#27;[36mI log out&amp#27;[0m

    Examples: 
]]></system-out>
  </testcase>
  <testcase name="And I click on my account link" classname="| tesf778@hotmail.com | Password27 |" time="0">
    <skipped/>
  </testcase>
  <testcase name="And I see a welcome message displayed" classname="| tesf778@hotmail.com | Password27 |" time="0">
    <skipped/>
  </testcase>
  <testcase name="When I entered wrong &quot;tesf778@hotmail.com&quot; address in the email text field" classname="| tesf778@hotmail.com | Password27 |" time="0">
    <skipped/>
    <system-out><![CDATA[
  Background:                             &amp#27;[90m# Login.feature:3&amp#27;[0m
    &amp#27;[33mGiven &amp#27;[0m&amp#27;[33mAm on the home page&amp#27;[0m
    &amp#27;[33mAnd &amp#27;[0m&amp#27;[33mI click on my account link&amp#27;[0m
    &amp#27;[33mAnd &amp#27;[0m&amp#27;[33mI see a welcome message displayed&amp#27;[0m
]]></system-out>
  </testcase>
  <testcase name="And I input invalid &quot;Password27&quot; password or blank password" classname="| tesf778@hotmail.com | Password27 |" time="0">
    <skipped/>
  </testcase>
  <testcase name="And I click the signIn button" classname="| tesf778@hotmail.com | Password27 |" time="0">
    <skipped/>
  </testcase>
  <testcase name="Then I should see error message displayed" classname="| tesf778@hotmail.com | Password27 |" time="0">
    <skipped/>
  </testcase>
  <testcase name="And I log out" classname="| tesf778@hotmail.com | Password27 |" time="0">
    <skipped/>
  </testcase>
  <testcase name="| tesf778@hotmail.com | Password27 |" classname="| tesf778@hotmail.com | Password27 |" time="0">
    <skipped/>
  </testcase>
  <testcase name="| tesf778@hotmail.com | Password27 |" classname="| tesf778@hotmail.com | Password27 |" time="0.007"/>
  <testcase name="Given Am on the home page" classname="|  | Password325 |" time="0">
    <skipped/>
    <system-out><![CDATA[
  Scenario Outline: As a user I want to login with invalid credentials I should not be allowed to login. &amp#27;[90m# Login.feature:31&amp#27;[0m
    &amp#27;[36mWhen &amp#27;[0m&amp#27;[36mI entered wrong "&amp#27;[0m&amp#27;[36m&amp#27;[1mtesf778@hotmail.com&amp#27;[0m&amp#27;[36m" address in the email text field&amp#27;[0m                           &amp#27;[90m# Login.i_entered_wrong_address_in_the_email_text_field(String)&amp#27;[0m
    &amp#27;[36mAnd &amp#27;[0m&amp#27;[36mI input invalid "&amp#27;[0m&amp#27;[36m&amp#27;[1mPassword27&amp#27;[0m&amp#27;[36m" password or blank password&amp#27;[0m                                          &amp#27;[90m# Login.i_input_invalid_password_or_blank_password(String)&amp#27;[0m
    &amp#27;[36mAnd &amp#27;[0m&amp#27;[36mI click the signIn button&amp#27;[0m                                                                        &amp#27;[90m# Login.i_click_the_signIn_button()&amp#27;[0m
    &amp#27;[36mThen &amp#27;[0m&amp#27;[36mI should see error message displayed&amp#27;[0m                                                            &amp#27;[90m# Login.i_should_see_error_message_displayed()&amp#27;[0m
    &amp#27;[33mAnd &amp#27;[0m&amp#27;[33mI log out&amp#27;[0m
]]></system-out>
  </testcase>
  <testcase name="And I click on my account link" classname="|  | Password325 |" time="0">
    <skipped/>
  </testcase>
  <testcase name="And I see a welcome message displayed" classname="|  | Password325 |" time="0">
    <skipped/>
  </testcase>
  <testcase name="When I entered wrong &quot;&quot; address in the email text field" classname="|  | Password325 |" time="0">
    <skipped/>
    <system-out><![CDATA[
  Background:                             &amp#27;[90m# Login.feature:3&amp#27;[0m
    &amp#27;[33mGiven &amp#27;[0m&amp#27;[33mAm on the home page&amp#27;[0m
    &amp#27;[33mAnd &amp#27;[0m&amp#27;[33mI click on my account link&amp#27;[0m
    &amp#27;[33mAnd &amp#27;[0m&amp#27;[33mI see a welcome message displayed&amp#27;[0m
]]></system-out>
  </testcase>
  <testcase name="And I input invalid &quot;Password325&quot; password or blank password" classname="|  | Password325 |" time="0">
    <skipped/>
  </testcase>
  <testcase name="And I click the signIn button" classname="|  | Password325 |" time="0">
    <skipped/>
  </testcase>
  <testcase name="Then I should see error message displayed" classname="|  | Password325 |" time="0">
    <skipped/>
  </testcase>
  <testcase name="And I log out" classname="|  | Password325 |" time="0">
    <skipped/>
  </testcase>
  <testcase name="|  | Password325 |" classname="|  | Password325 |" time="0">
    <skipped/>
  </testcase>
  <testcase name="|  | Password325 |" classname="|  | Password325 |" time="0.007"/>
  <testcase name="Given Am on the home page" classname="| testof682@yahoo.com | paswork325 |" time="0">
    <skipped/>
    <system-out><![CDATA[
  Scenario Outline: As a user I want to login with invalid credentials I should not be allowed to login. &amp#27;[90m# Login.feature:32&amp#27;[0m
    &amp#27;[36mWhen &amp#27;[0m&amp#27;[36mI entered wrong "&amp#27;[0m&amp#27;[36m&amp#27;[1m&amp#27;[0m&amp#27;[36m" address in the email text field&amp#27;[0m                                              &amp#27;[90m# Login.i_entered_wrong_address_in_the_email_text_field(String)&amp#27;[0m
    &amp#27;[36mAnd &amp#27;[0m&amp#27;[36mI input invalid "&amp#27;[0m&amp#27;[36m&amp#27;[1mPassword325&amp#27;[0m&amp#27;[36m" password or blank password&amp#27;[0m                                         &amp#27;[90m# Login.i_input_invalid_password_or_blank_password(String)&amp#27;[0m
    &amp#27;[36mAnd &amp#27;[0m&amp#27;[36mI click the signIn button&amp#27;[0m                                                                        &amp#27;[90m# Login.i_click_the_signIn_button()&amp#27;[0m
    &amp#27;[36mThen &amp#27;[0m&amp#27;[36mI should see error message displayed&amp#27;[0m                                                            &amp#27;[90m# Login.i_should_see_error_message_displayed()&amp#27;[0m
    &amp#27;[33mAnd &amp#27;[0m&amp#27;[33mI log out&amp#27;[0m
]]></system-out>
  </testcase>
  <testcase name="And I click on my account link" classname="| testof682@yahoo.com | paswork325 |" time="0">
    <skipped/>
  </testcase>
  <testcase name="And I see a welcome message displayed" classname="| testof682@yahoo.com | paswork325 |" time="0">
    <skipped/>
  </testcase>
  <testcase name="When I entered wrong &quot;testof682@yahoo.com&quot; address in the email text field" classname="| testof682@yahoo.com | paswork325 |" time="0">
    <skipped/>
    <system-out><![CDATA[
  Background:                             &amp#27;[90m# Login.feature:3&amp#27;[0m
    &amp#27;[33mGiven &amp#27;[0m&amp#27;[33mAm on the home page&amp#27;[0m
    &amp#27;[33mAnd &amp#27;[0m&amp#27;[33mI click on my account link&amp#27;[0m
    &amp#27;[33mAnd &amp#27;[0m&amp#27;[33mI see a welcome message displayed&amp#27;[0m
]]></system-out>
  </testcase>
  <testcase name="And I input invalid &quot;paswork325&quot; password or blank password" classname="| testof682@yahoo.com | paswork325 |" time="0">
    <skipped/>
  </testcase>
  <testcase name="And I click the signIn button" classname="| testof682@yahoo.com | paswork325 |" time="0">
    <skipped/>
  </testcase>
  <testcase name="Then I should see error message displayed" classname="| testof682@yahoo.com | paswork325 |" time="0">
    <skipped/>
  </testcase>
  <testcase name="And I log out" classname="| testof682@yahoo.com | paswork325 |" time="0">
    <skipped/>
  </testcase>
  <testcase name="| testof682@yahoo.com | paswork325 |" classname="| testof682@yahoo.com | paswork325 |" time="0">
    <skipped/>
  </testcase>
  <testcase name="| testof682@yahoo.com | paswork325 |" classname="| testof682@yahoo.com | paswork325 |" time="0.007"/>
  <testcase name="Given Am on the home page" classname="| testof173@yahoo.com |  |" time="0">
    <skipped/>
    <system-out><![CDATA[
  Scenario Outline: As a user I want to login with invalid credentials I should not be allowed to login. &amp#27;[90m# Login.feature:33&amp#27;[0m
    &amp#27;[36mWhen &amp#27;[0m&amp#27;[36mI entered wrong "&amp#27;[0m&amp#27;[36m&amp#27;[1mtestof682@yahoo.com&amp#27;[0m&amp#27;[36m" address in the email text field&amp#27;[0m                           &amp#27;[90m# Login.i_entered_wrong_address_in_the_email_text_field(String)&amp#27;[0m
    &amp#27;[36mAnd &amp#27;[0m&amp#27;[36mI input invalid "&amp#27;[0m&amp#27;[36m&amp#27;[1mpaswork325&amp#27;[0m&amp#27;[36m" password or blank password&amp#27;[0m                                          &amp#27;[90m# Login.i_input_invalid_password_or_blank_password(String)&amp#27;[0m
    &amp#27;[36mAnd &amp#27;[0m&amp#27;[36mI click the signIn button&amp#27;[0m                                                                        &amp#27;[90m# Login.i_click_the_signIn_button()&amp#27;[0m
    &amp#27;[36mThen &amp#27;[0m&amp#27;[36mI should see error message displayed&amp#27;[0m                                                            &amp#27;[90m# Login.i_should_see_error_message_displayed()&amp#27;[0m
    &amp#27;[33mAnd &amp#27;[0m&amp#27;[33mI log out&amp#27;[0m
]]></system-out>
  </testcase>
  <testcase name="And I click on my account link" classname="| testof173@yahoo.com |  |" time="0">
    <skipped/>
  </testcase>
  <testcase name="And I see a welcome message displayed" classname="| testof173@yahoo.com |  |" time="0">
    <skipped/>
  </testcase>
  <testcase name="When I entered wrong &quot;testof173@yahoo.com&quot; address in the email text field" classname="| testof173@yahoo.com |  |" time="0">
    <skipped/>
    <system-out><![CDATA[
  Background:                             &amp#27;[90m# Login.feature:3&amp#27;[0m
    &amp#27;[33mGiven &amp#27;[0m&amp#27;[33mAm on the home page&amp#27;[0m
    &amp#27;[33mAnd &amp#27;[0m&amp#27;[33mI click on my account link&amp#27;[0m
    &amp#27;[33mAnd &amp#27;[0m&amp#27;[33mI see a welcome message displayed&amp#27;[0m
]]></system-out>
  </testcase>
  <testcase name="And I input invalid &quot;&quot; password or blank password" classname="| testof173@yahoo.com |  |" time="0">
    <skipped/>
  </testcase>
  <testcase name="And I click the signIn button" classname="| testof173@yahoo.com |  |" time="0">
    <skipped/>
  </testcase>
  <testcase name="Then I should see error message displayed" classname="| testof173@yahoo.com |  |" time="0">
    <skipped/>
  </testcase>
  <testcase name="And I log out" classname="| testof173@yahoo.com |  |" time="0">
    <skipped/>
  </testcase>
  <testcase name="| testof173@yahoo.com |  |" classname="| testof173@yahoo.com |  |" time="0">
    <skipped/>
  </testcase>
  <testcase name="| testof173@yahoo.com |  |" classname="| testof173@yahoo.com |  |" time="0.023"/>
  <testcase name="When I click the continue button" classname="Scenario: " time="0">
    <skipped/>
  </testcase>
  <testcase name="And I filled the mandatory fields to register" classname="Scenario: " time="0">
    <skipped/>
  </testcase>
  <testcase name="And I click continue after filling the mandatory fieds" classname="Scenario: " time="0">
    <skipped/>
  </testcase>
  <testcase name="Then I should be logged in" classname="Scenario: " time="0">
    <skipped/>
  </testcase>
  <testcase name="And I log out" classname="Scenario: " time="0">
    <skipped/>
  </testcase>
</testsuite>